CRITICAL - 2022-10-20 08:07:07 --> Undefined variable $_SESSION
in APPPATH/Views/welcome_message.php on line 228.
 1 APPPATH/Views/welcome_message.php(228): CodeIgniter\Debug\Exceptions->errorHandler()
 2 SYSTEMPATH/View/View.php(213): include('APPPATH/Views/welcome_message.php')
 3 SYSTEMPATH/View/View.php(216): CodeIgniter\View\View->CodeIgniter\View\{closure}()
 4 SYSTEMPATH/Common.php(1142): CodeIgniter\View\View->render()
 5 APPPATH/Controllers/Home.php(9): view()
 6 SYSTEMPATH/CodeIgniter.php(902): App\Controllers\Home->index()
 7 SYSTEMPATH/CodeIgniter.php(457): CodeIgniter\CodeIgniter->runController()
 8 SYSTEMPATH/CodeIgniter.php(340): CodeIgniter\CodeIgniter->handleRequest()
 9 FCPATH/index.php(67): CodeIgniter\CodeIgniter->run()
CRITICAL - 2022-10-20 08:09:24 --> Undefined constant "CodeIgniter\Database\MySQLi\MYSQLI_STORE_RESULT"
in SYSTEMPATH/Database/Database.php on line 136.
 1 SYSTEMPATH/Database/Database.php(56): CodeIgniter\Database\Database->initDriver()
 2 SYSTEMPATH/Database/Config.php(78): CodeIgniter\Database\Database->load()
 3 SYSTEMPATH/Model.php(137): CodeIgniter\Database\Config::connect()
 4 APPPATH/Controllers/Producto.php(11): CodeIgniter\Model->__construct()
 5 SYSTEMPATH/CodeIgniter.php(902): App\Controllers\Producto->index()
 6 SYSTEMPATH/CodeIgniter.php(457): CodeIgniter\CodeIgniter->runController()
 7 SYSTEMPATH/CodeIgniter.php(340): CodeIgniter\CodeIgniter->handleRequest()
 8 FCPATH/index.php(67): CodeIgniter\CodeIgniter->run()
CRITICAL - 2022-10-20 08:12:21 --> Undefined constant "CodeIgniter\Database\MySQLi\MYSQLI_STORE_RESULT"
in SYSTEMPATH/Database/Database.php on line 136.
 1 SYSTEMPATH/Database/Database.php(56): CodeIgniter\Database\Database->initDriver()
 2 SYSTEMPATH/Database/Config.php(78): CodeIgniter\Database\Database->load()
 3 SYSTEMPATH/Model.php(137): CodeIgniter\Database\Config::connect()
 4 APPPATH/Controllers/Producto.php(11): CodeIgniter\Model->__construct()
 5 SYSTEMPATH/CodeIgniter.php(902): App\Controllers\Producto->index()
 6 SYSTEMPATH/CodeIgniter.php(457): CodeIgniter\CodeIgniter->runController()
 7 SYSTEMPATH/CodeIgniter.php(340): CodeIgniter\CodeIgniter->handleRequest()
 8 FCPATH/index.php(67): CodeIgniter\CodeIgniter->run()
CRITICAL - 2022-10-20 08:14:36 --> Undefined constant "CodeIgniter\Database\MySQLi\MYSQLI_STORE_RESULT"
in SYSTEMPATH/Database/Database.php on line 136.
 1 SYSTEMPATH/Database/Database.php(56): CodeIgniter\Database\Database->initDriver()
 2 SYSTEMPATH/Database/Config.php(78): CodeIgniter\Database\Database->load()
 3 SYSTEMPATH/Model.php(137): CodeIgniter\Database\Config::connect()
 4 APPPATH/Controllers/Producto.php(11): CodeIgniter\Model->__construct()
 5 SYSTEMPATH/CodeIgniter.php(902): App\Controllers\Producto->index()
 6 SYSTEMPATH/CodeIgniter.php(457): CodeIgniter\CodeIgniter->runController()
 7 SYSTEMPATH/CodeIgniter.php(340): CodeIgniter\CodeIgniter->handleRequest()
 8 FCPATH/index.php(67): CodeIgniter\CodeIgniter->run()
CRITICAL - 2022-10-20 08:20:00 --> Undefined constant "CodeIgniter\Database\MySQLi\MYSQLI_STORE_RESULT"
in SYSTEMPATH/Database/Database.php on line 136.
 1 SYSTEMPATH/Database/Database.php(56): CodeIgniter\Database\Database->initDriver()
 2 SYSTEMPATH/Database/Config.php(78): CodeIgniter\Database\Database->load()
 3 SYSTEMPATH/Model.php(137): CodeIgniter\Database\Config::connect()
 4 APPPATH/Controllers/Producto.php(13): CodeIgniter\Model->__construct()
 5 SYSTEMPATH/CodeIgniter.php(864): App\Controllers\Producto->__construct()
 6 SYSTEMPATH/CodeIgniter.php(448): CodeIgniter\CodeIgniter->createController()
 7 SYSTEMPATH/CodeIgniter.php(340): CodeIgniter\CodeIgniter->handleRequest()
 8 FCPATH/index.php(67): CodeIgniter\CodeIgniter->run()
CRITICAL - 2022-10-20 08:21:11 --> Undefined constant "CodeIgniter\Database\MySQLi\MYSQLI_STORE_RESULT"
in SYSTEMPATH/Database/Database.php on line 136.
 1 SYSTEMPATH/Database/Database.php(56): CodeIgniter\Database\Database->initDriver()
 2 SYSTEMPATH/Database/Config.php(78): CodeIgniter\Database\Database->load()
 3 SYSTEMPATH/Model.php(137): CodeIgniter\Database\Config::connect()
 4 APPPATH/Controllers/Producto.php(13): CodeIgniter\Model->__construct()
 5 SYSTEMPATH/CodeIgniter.php(864): App\Controllers\Producto->__construct()
 6 SYSTEMPATH/CodeIgniter.php(448): CodeIgniter\CodeIgniter->createController()
 7 SYSTEMPATH/CodeIgniter.php(340): CodeIgniter\CodeIgniter->handleRequest()
 8 FCPATH/index.php(67): CodeIgniter\CodeIgniter->run()
CRITICAL - 2022-10-20 08:21:12 --> Undefined constant "CodeIgniter\Database\MySQLi\MYSQLI_STORE_RESULT"
in SYSTEMPATH/Database/Database.php on line 136.
 1 SYSTEMPATH/Database/Database.php(56): CodeIgniter\Database\Database->initDriver()
 2 SYSTEMPATH/Database/Config.php(78): CodeIgniter\Database\Database->load()
 3 SYSTEMPATH/Model.php(137): CodeIgniter\Database\Config::connect()
 4 APPPATH/Controllers/Producto.php(13): CodeIgniter\Model->__construct()
 5 SYSTEMPATH/CodeIgniter.php(864): App\Controllers\Producto->__construct()
 6 SYSTEMPATH/CodeIgniter.php(448): CodeIgniter\CodeIgniter->createController()
 7 SYSTEMPATH/CodeIgniter.php(340): CodeIgniter\CodeIgniter->handleRequest()
 8 FCPATH/index.php(67): CodeIgniter\CodeIgniter->run()
CRITICAL - 2022-10-20 08:21:13 --> Undefined constant "CodeIgniter\Database\MySQLi\MYSQLI_STORE_RESULT"
in SYSTEMPATH/Database/Database.php on line 136.
 1 SYSTEMPATH/Database/Database.php(56): CodeIgniter\Database\Database->initDriver()
 2 SYSTEMPATH/Database/Config.php(78): CodeIgniter\Database\Database->load()
 3 SYSTEMPATH/Model.php(137): CodeIgniter\Database\Config::connect()
 4 APPPATH/Controllers/Producto.php(13): CodeIgniter\Model->__construct()
 5 SYSTEMPATH/CodeIgniter.php(864): App\Controllers\Producto->__construct()
 6 SYSTEMPATH/CodeIgniter.php(448): CodeIgniter\CodeIgniter->createController()
 7 SYSTEMPATH/CodeIgniter.php(340): CodeIgniter\CodeIgniter->handleRequest()
 8 FCPATH/index.php(67): CodeIgniter\CodeIgniter->run()
CRITICAL - 2022-10-20 08:21:13 --> Undefined constant "CodeIgniter\Database\MySQLi\MYSQLI_STORE_RESULT"
in SYSTEMPATH/Database/Database.php on line 136.
 1 SYSTEMPATH/Database/Database.php(56): CodeIgniter\Database\Database->initDriver()
 2 SYSTEMPATH/Database/Config.php(78): CodeIgniter\Database\Database->load()
 3 SYSTEMPATH/Model.php(137): CodeIgniter\Database\Config::connect()
 4 APPPATH/Controllers/Producto.php(13): CodeIgniter\Model->__construct()
 5 SYSTEMPATH/CodeIgniter.php(864): App\Controllers\Producto->__construct()
 6 SYSTEMPATH/CodeIgniter.php(448): CodeIgniter\CodeIgniter->createController()
 7 SYSTEMPATH/CodeIgniter.php(340): CodeIgniter\CodeIgniter->handleRequest()
 8 FCPATH/index.php(67): CodeIgniter\CodeIgniter->run()
CRITICAL - 2022-10-20 08:21:13 --> Undefined constant "CodeIgniter\Database\MySQLi\MYSQLI_STORE_RESULT"
in SYSTEMPATH/Database/Database.php on line 136.
 1 SYSTEMPATH/Database/Database.php(56): CodeIgniter\Database\Database->initDriver()
 2 SYSTEMPATH/Database/Config.php(78): CodeIgniter\Database\Database->load()
 3 SYSTEMPATH/Model.php(137): CodeIgniter\Database\Config::connect()
 4 APPPATH/Controllers/Producto.php(13): CodeIgniter\Model->__construct()
 5 SYSTEMPATH/CodeIgniter.php(864): App\Controllers\Producto->__construct()
 6 SYSTEMPATH/CodeIgniter.php(448): CodeIgniter\CodeIgniter->createController()
 7 SYSTEMPATH/CodeIgniter.php(340): CodeIgniter\CodeIgniter->handleRequest()
 8 FCPATH/index.php(67): CodeIgniter\CodeIgniter->run()
CRITICAL - 2022-10-20 08:21:14 --> Undefined constant "CodeIgniter\Database\MySQLi\MYSQLI_STORE_RESULT"
in SYSTEMPATH/Database/Database.php on line 136.
 1 SYSTEMPATH/Database/Database.php(56): CodeIgniter\Database\Database->initDriver()
 2 SYSTEMPATH/Database/Config.php(78): CodeIgniter\Database\Database->load()
 3 SYSTEMPATH/Model.php(137): CodeIgniter\Database\Config::connect()
 4 APPPATH/Controllers/Producto.php(13): CodeIgniter\Model->__construct()
 5 SYSTEMPATH/CodeIgniter.php(864): App\Controllers\Producto->__construct()
 6 SYSTEMPATH/CodeIgniter.php(448): CodeIgniter\CodeIgniter->createController()
 7 SYSTEMPATH/CodeIgniter.php(340): CodeIgniter\CodeIgniter->handleRequest()
 8 FCPATH/index.php(67): CodeIgniter\CodeIgniter->run()
CRITICAL - 2022-10-20 08:21:14 --> Undefined constant "CodeIgniter\Database\MySQLi\MYSQLI_STORE_RESULT"
in SYSTEMPATH/Database/Database.php on line 136.
 1 SYSTEMPATH/Database/Database.php(56): CodeIgniter\Database\Database->initDriver()
 2 SYSTEMPATH/Database/Config.php(78): CodeIgniter\Database\Database->load()
 3 SYSTEMPATH/Model.php(137): CodeIgniter\Database\Config::connect()
 4 APPPATH/Controllers/Producto.php(13): CodeIgniter\Model->__construct()
 5 SYSTEMPATH/CodeIgniter.php(864): App\Controllers\Producto->__construct()
 6 SYSTEMPATH/CodeIgniter.php(448): CodeIgniter\CodeIgniter->createController()
 7 SYSTEMPATH/CodeIgniter.php(340): CodeIgniter\CodeIgniter->handleRequest()
 8 FCPATH/index.php(67): CodeIgniter\CodeIgniter->run()
CRITICAL - 2022-10-20 08:21:14 --> Undefined constant "CodeIgniter\Database\MySQLi\MYSQLI_STORE_RESULT"
in SYSTEMPATH/Database/Database.php on line 136.
 1 SYSTEMPATH/Database/Database.php(56): CodeIgniter\Database\Database->initDriver()
 2 SYSTEMPATH/Database/Config.php(78): CodeIgniter\Database\Database->load()
 3 SYSTEMPATH/Model.php(137): CodeIgniter\Database\Config::connect()
 4 APPPATH/Controllers/Producto.php(13): CodeIgniter\Model->__construct()
 5 SYSTEMPATH/CodeIgniter.php(864): App\Controllers\Producto->__construct()
 6 SYSTEMPATH/CodeIgniter.php(448): CodeIgniter\CodeIgniter->createController()
 7 SYSTEMPATH/CodeIgniter.php(340): CodeIgniter\CodeIgniter->handleRequest()
 8 FCPATH/index.php(67): CodeIgniter\CodeIgniter->run()
CRITICAL - 2022-10-20 08:24:50 --> Undefined constant "CodeIgniter\Database\MySQLi\MYSQLI_STORE_RESULT"
in SYSTEMPATH/Database/Database.php on line 136.
 1 SYSTEMPATH/Database/Database.php(56): CodeIgniter\Database\Database->initDriver()
 2 SYSTEMPATH/Database/Config.php(78): CodeIgniter\Database\Database->load()
 3 SYSTEMPATH/Model.php(137): CodeIgniter\Database\Config::connect()
 4 APPPATH/Controllers/Producto.php(13): CodeIgniter\Model->__construct()
 5 SYSTEMPATH/CodeIgniter.php(864): App\Controllers\Producto->__construct()
 6 SYSTEMPATH/CodeIgniter.php(448): CodeIgniter\CodeIgniter->createController()
 7 SYSTEMPATH/CodeIgniter.php(340): CodeIgniter\CodeIgniter->handleRequest()
 8 FCPATH/index.php(67): CodeIgniter\CodeIgniter->run()
CRITICAL - 2022-10-20 08:29:16 --> Undefined constant "CodeIgniter\Database\MySQLi\MYSQLI_STORE_RESULT"
in SYSTEMPATH/Database/Database.php on line 136.
 1 SYSTEMPATH/Database/Database.php(56): CodeIgniter\Database\Database->initDriver()
 2 SYSTEMPATH/Database/Config.php(78): CodeIgniter\Database\Database->load()
 3 SYSTEMPATH/Model.php(137): CodeIgniter\Database\Config::connect()
 4 APPPATH/Controllers/Producto.php(13): CodeIgniter\Model->__construct()
 5 SYSTEMPATH/CodeIgniter.php(864): App\Controllers\Producto->__construct()
 6 SYSTEMPATH/CodeIgniter.php(448): CodeIgniter\CodeIgniter->createController()
 7 SYSTEMPATH/CodeIgniter.php(340): CodeIgniter\CodeIgniter->handleRequest()
 8 FCPATH/index.php(67): CodeIgniter\CodeIgniter->run()
CRITICAL - 2022-10-20 08:33:12 --> Undefined constant "CodeIgniter\Database\MySQLi\MYSQLI_STORE_RESULT"
in SYSTEMPATH/Database/Database.php on line 136.
 1 SYSTEMPATH/Database/Database.php(56): CodeIgniter\Database\Database->initDriver()
 2 SYSTEMPATH/Database/Config.php(78): CodeIgniter\Database\Database->load()
 3 SYSTEMPATH/Model.php(137): CodeIgniter\Database\Config::connect()
 4 APPPATH/Controllers/Producto.php(13): CodeIgniter\Model->__construct()
 5 SYSTEMPATH/CodeIgniter.php(864): App\Controllers\Producto->__construct()
 6 SYSTEMPATH/CodeIgniter.php(448): CodeIgniter\CodeIgniter->createController()
 7 SYSTEMPATH/CodeIgniter.php(340): CodeIgniter\CodeIgniter->handleRequest()
 8 FCPATH/index.php(67): CodeIgniter\CodeIgniter->run()
CRITICAL - 2022-10-20 08:39:15 --> Undefined constant "CodeIgniter\Database\MySQLi\MYSQLI_STORE_RESULT"
in SYSTEMPATH/Database/Database.php on line 136.
 1 SYSTEMPATH/Database/Database.php(56): CodeIgniter\Database\Database->initDriver()
 2 SYSTEMPATH/Database/Config.php(78): CodeIgniter\Database\Database->load()
 3 SYSTEMPATH/Model.php(137): CodeIgniter\Database\Config::connect()
 4 APPPATH/Controllers/Producto.php(13): CodeIgniter\Model->__construct()
 5 SYSTEMPATH/CodeIgniter.php(864): App\Controllers\Producto->__construct()
 6 SYSTEMPATH/CodeIgniter.php(448): CodeIgniter\CodeIgniter->createController()
 7 SYSTEMPATH/CodeIgniter.php(340): CodeIgniter\CodeIgniter->handleRequest()
 8 FCPATH/index.php(67): CodeIgniter\CodeIgniter->run()
