CRITICAL - 2022-10-25 00:29:04 --> Undefined constant "CodeIgniter\Database\MySQLi\MYSQLI_STORE_RESULT"
in SYSTEMPATH/Database/Database.php on line 136.
 1 SYSTEMPATH/Database/Database.php(56): CodeIgniter\Database\Database->initDriver()
 2 SYSTEMPATH/Database/Config.php(78): CodeIgniter\Database\Database->load()
 3 SYSTEMPATH/Model.php(137): CodeIgniter\Database\Config::connect()
 4 APPPATH/Controllers/Producto.php(13): CodeIgniter\Model->__construct()
 5 SYSTEMPATH/CodeIgniter.php(864): App\Controllers\Producto->__construct()
 6 SYSTEMPATH/CodeIgniter.php(448): CodeIgniter\CodeIgniter->createController()
 7 SYSTEMPATH/CodeIgniter.php(340): CodeIgniter\CodeIgniter->handleRequest()
 8 FCPATH/index.php(67): CodeIgniter\CodeIgniter->run()
CRITICAL - 2022-10-25 00:32:16 --> Undefined constant "CodeIgniter\Database\MySQLi\MYSQLI_STORE_RESULT"
in SYSTEMPATH/Database/Database.php on line 136.
 1 SYSTEMPATH/Database/Database.php(56): CodeIgniter\Database\Database->initDriver()
 2 SYSTEMPATH/Database/Config.php(78): CodeIgniter\Database\Database->load()
 3 SYSTEMPATH/Model.php(137): CodeIgniter\Database\Config::connect()
 4 APPPATH/Controllers/Producto.php(13): CodeIgniter\Model->__construct()
 5 SYSTEMPATH/CodeIgniter.php(864): App\Controllers\Producto->__construct()
 6 SYSTEMPATH/CodeIgniter.php(448): CodeIgniter\CodeIgniter->createController()
 7 SYSTEMPATH/CodeIgniter.php(340): CodeIgniter\CodeIgniter->handleRequest()
 8 FCPATH/index.php(67): CodeIgniter\CodeIgniter->run()
CRITICAL - 2022-10-25 00:32:17 --> Undefined constant "CodeIgniter\Database\MySQLi\MYSQLI_STORE_RESULT"
in SYSTEMPATH/Database/Database.php on line 136.
 1 SYSTEMPATH/Database/Database.php(56): CodeIgniter\Database\Database->initDriver()
 2 SYSTEMPATH/Database/Config.php(78): CodeIgniter\Database\Database->load()
 3 SYSTEMPATH/Model.php(137): CodeIgniter\Database\Config::connect()
 4 APPPATH/Controllers/Producto.php(13): CodeIgniter\Model->__construct()
 5 SYSTEMPATH/CodeIgniter.php(864): App\Controllers\Producto->__construct()
 6 SYSTEMPATH/CodeIgniter.php(448): CodeIgniter\CodeIgniter->createController()
 7 SYSTEMPATH/CodeIgniter.php(340): CodeIgniter\CodeIgniter->handleRequest()
 8 FCPATH/index.php(67): CodeIgniter\CodeIgniter->run()
CRITICAL - 2022-10-25 00:32:18 --> Undefined constant "CodeIgniter\Database\MySQLi\MYSQLI_STORE_RESULT"
in SYSTEMPATH/Database/Database.php on line 136.
 1 SYSTEMPATH/Database/Database.php(56): CodeIgniter\Database\Database->initDriver()
 2 SYSTEMPATH/Database/Config.php(78): CodeIgniter\Database\Database->load()
 3 SYSTEMPATH/Model.php(137): CodeIgniter\Database\Config::connect()
 4 APPPATH/Controllers/Producto.php(13): CodeIgniter\Model->__construct()
 5 SYSTEMPATH/CodeIgniter.php(864): App\Controllers\Producto->__construct()
 6 SYSTEMPATH/CodeIgniter.php(448): CodeIgniter\CodeIgniter->createController()
 7 SYSTEMPATH/CodeIgniter.php(340): CodeIgniter\CodeIgniter->handleRequest()
 8 FCPATH/index.php(67): CodeIgniter\CodeIgniter->run()
CRITICAL - 2022-10-25 00:37:53 --> Undefined constant "CodeIgniter\Database\MySQLi\MYSQLI_STORE_RESULT"
in SYSTEMPATH/Database/Database.php on line 136.
 1 SYSTEMPATH/Database/Database.php(56): CodeIgniter\Database\Database->initDriver()
 2 SYSTEMPATH/Database/Config.php(78): CodeIgniter\Database\Database->load()
 3 SYSTEMPATH/Model.php(137): CodeIgniter\Database\Config::connect()
 4 APPPATH/Controllers/Producto.php(13): CodeIgniter\Model->__construct()
 5 SYSTEMPATH/CodeIgniter.php(864): App\Controllers\Producto->__construct()
 6 SYSTEMPATH/CodeIgniter.php(448): CodeIgniter\CodeIgniter->createController()
 7 SYSTEMPATH/CodeIgniter.php(340): CodeIgniter\CodeIgniter->handleRequest()
 8 FCPATH/index.php(67): CodeIgniter\CodeIgniter->run()
CRITICAL - 2022-10-25 00:42:16 --> Undefined variable $db
in APPPATH/Controllers/Producto.php on line 13.
 1 APPPATH/Controllers/Producto.php(13): CodeIgniter\Debug\Exceptions->errorHandler()
 2 SYSTEMPATH/CodeIgniter.php(902): App\Controllers\Producto->index()
 3 SYSTEMPATH/CodeIgniter.php(457): CodeIgniter\CodeIgniter->runController()
 4 SYSTEMPATH/CodeIgniter.php(340): CodeIgniter\CodeIgniter->handleRequest()
 5 FCPATH/index.php(67): CodeIgniter\CodeIgniter->run()
CRITICAL - 2022-10-25 00:43:08 --> Undefined constant "CodeIgniter\Database\MySQLi\MYSQLI_STORE_RESULT"
in SYSTEMPATH/Database/Database.php on line 136.
 1 SYSTEMPATH/Database/Database.php(56): CodeIgniter\Database\Database->initDriver()
 2 SYSTEMPATH/Database/Config.php(78): CodeIgniter\Database\Database->load()
 3 SYSTEMPATH/Model.php(137): CodeIgniter\Database\Config::connect()
 4 APPPATH/Controllers/Producto.php(12): CodeIgniter\Model->__construct()
 5 SYSTEMPATH/CodeIgniter.php(902): App\Controllers\Producto->index()
 6 SYSTEMPATH/CodeIgniter.php(457): CodeIgniter\CodeIgniter->runController()
 7 SYSTEMPATH/CodeIgniter.php(340): CodeIgniter\CodeIgniter->handleRequest()
 8 FCPATH/index.php(67): CodeIgniter\CodeIgniter->run()
CRITICAL - 2022-10-25 00:44:59 --> Undefined constant "CodeIgniter\Database\MySQLi\MYSQLI_STORE_RESULT"
in SYSTEMPATH/Database/Database.php on line 136.
 1 SYSTEMPATH/Database/Database.php(56): CodeIgniter\Database\Database->initDriver()
 2 SYSTEMPATH/Database/Config.php(78): CodeIgniter\Database\Database->load()
 3 SYSTEMPATH/Model.php(137): CodeIgniter\Database\Config::connect()
 4 APPPATH/Controllers/Producto.php(12): CodeIgniter\Model->__construct()
 5 SYSTEMPATH/CodeIgniter.php(902): App\Controllers\Producto->index()
 6 SYSTEMPATH/CodeIgniter.php(457): CodeIgniter\CodeIgniter->runController()
 7 SYSTEMPATH/CodeIgniter.php(340): CodeIgniter\CodeIgniter->handleRequest()
 8 FCPATH/index.php(67): CodeIgniter\CodeIgniter->run()
CRITICAL - 2022-10-25 00:45:05 --> Undefined constant "CodeIgniter\Database\MySQLi\MYSQLI_STORE_RESULT"
in SYSTEMPATH/Database/Database.php on line 136.
 1 SYSTEMPATH/Database/Database.php(56): CodeIgniter\Database\Database->initDriver()
 2 SYSTEMPATH/Database/Config.php(78): CodeIgniter\Database\Database->load()
 3 SYSTEMPATH/Model.php(137): CodeIgniter\Database\Config::connect()
 4 APPPATH/Controllers/Producto.php(12): CodeIgniter\Model->__construct()
 5 SYSTEMPATH/CodeIgniter.php(902): App\Controllers\Producto->index()
 6 SYSTEMPATH/CodeIgniter.php(457): CodeIgniter\CodeIgniter->runController()
 7 SYSTEMPATH/CodeIgniter.php(340): CodeIgniter\CodeIgniter->handleRequest()
 8 FCPATH/index.php(67): CodeIgniter\CodeIgniter->run()
CRITICAL - 2022-10-25 00:45:06 --> Undefined constant "CodeIgniter\Database\MySQLi\MYSQLI_STORE_RESULT"
in SYSTEMPATH/Database/Database.php on line 136.
 1 SYSTEMPATH/Database/Database.php(56): CodeIgniter\Database\Database->initDriver()
 2 SYSTEMPATH/Database/Config.php(78): CodeIgniter\Database\Database->load()
 3 SYSTEMPATH/Model.php(137): CodeIgniter\Database\Config::connect()
 4 APPPATH/Controllers/Producto.php(12): CodeIgniter\Model->__construct()
 5 SYSTEMPATH/CodeIgniter.php(902): App\Controllers\Producto->index()
 6 SYSTEMPATH/CodeIgniter.php(457): CodeIgniter\CodeIgniter->runController()
 7 SYSTEMPATH/CodeIgniter.php(340): CodeIgniter\CodeIgniter->handleRequest()
 8 FCPATH/index.php(67): CodeIgniter\CodeIgniter->run()
CRITICAL - 2022-10-25 00:45:06 --> Undefined constant "CodeIgniter\Database\MySQLi\MYSQLI_STORE_RESULT"
in SYSTEMPATH/Database/Database.php on line 136.
 1 SYSTEMPATH/Database/Database.php(56): CodeIgniter\Database\Database->initDriver()
 2 SYSTEMPATH/Database/Config.php(78): CodeIgniter\Database\Database->load()
 3 SYSTEMPATH/Model.php(137): CodeIgniter\Database\Config::connect()
 4 APPPATH/Controllers/Producto.php(12): CodeIgniter\Model->__construct()
 5 SYSTEMPATH/CodeIgniter.php(902): App\Controllers\Producto->index()
 6 SYSTEMPATH/CodeIgniter.php(457): CodeIgniter\CodeIgniter->runController()
 7 SYSTEMPATH/CodeIgniter.php(340): CodeIgniter\CodeIgniter->handleRequest()
 8 FCPATH/index.php(67): CodeIgniter\CodeIgniter->run()
CRITICAL - 2022-10-25 00:47:07 --> Undefined constant "CodeIgniter\Database\MySQLi\MYSQLI_STORE_RESULT"
in SYSTEMPATH/Database/Database.php on line 136.
 1 SYSTEMPATH/Database/Database.php(56): CodeIgniter\Database\Database->initDriver()
 2 SYSTEMPATH/Database/Config.php(78): CodeIgniter\Database\Database->load()
 3 SYSTEMPATH/Model.php(137): CodeIgniter\Database\Config::connect()
 4 APPPATH/Controllers/Producto.php(12): CodeIgniter\Model->__construct()
 5 SYSTEMPATH/CodeIgniter.php(902): App\Controllers\Producto->index()
 6 SYSTEMPATH/CodeIgniter.php(457): CodeIgniter\CodeIgniter->runController()
 7 SYSTEMPATH/CodeIgniter.php(340): CodeIgniter\CodeIgniter->handleRequest()
 8 FCPATH/index.php(67): CodeIgniter\CodeIgniter->run()
CRITICAL - 2022-10-25 00:47:08 --> Undefined constant "CodeIgniter\Database\MySQLi\MYSQLI_STORE_RESULT"
in SYSTEMPATH/Database/Database.php on line 136.
 1 SYSTEMPATH/Database/Database.php(56): CodeIgniter\Database\Database->initDriver()
 2 SYSTEMPATH/Database/Config.php(78): CodeIgniter\Database\Database->load()
 3 SYSTEMPATH/Model.php(137): CodeIgniter\Database\Config::connect()
 4 APPPATH/Controllers/Producto.php(12): CodeIgniter\Model->__construct()
 5 SYSTEMPATH/CodeIgniter.php(902): App\Controllers\Producto->index()
 6 SYSTEMPATH/CodeIgniter.php(457): CodeIgniter\CodeIgniter->runController()
 7 SYSTEMPATH/CodeIgniter.php(340): CodeIgniter\CodeIgniter->handleRequest()
 8 FCPATH/index.php(67): CodeIgniter\CodeIgniter->run()
CRITICAL - 2022-10-25 00:50:06 --> Undefined constant "CodeIgniter\Database\MySQLi\MYSQLI_STORE_RESULT"
in SYSTEMPATH/Database/Database.php on line 136.
 1 SYSTEMPATH/Database/Database.php(56): CodeIgniter\Database\Database->initDriver()
 2 SYSTEMPATH/Database/Config.php(78): CodeIgniter\Database\Database->load()
 3 SYSTEMPATH/Model.php(137): CodeIgniter\Database\Config::connect()
 4 APPPATH/Controllers/Producto.php(12): CodeIgniter\Model->__construct()
 5 SYSTEMPATH/CodeIgniter.php(902): App\Controllers\Producto->index()
 6 SYSTEMPATH/CodeIgniter.php(457): CodeIgniter\CodeIgniter->runController()
 7 SYSTEMPATH/CodeIgniter.php(340): CodeIgniter\CodeIgniter->handleRequest()
 8 FCPATH/index.php(67): CodeIgniter\CodeIgniter->run()
CRITICAL - 2022-10-25 00:50:06 --> Undefined constant "CodeIgniter\Database\MySQLi\MYSQLI_STORE_RESULT"
in SYSTEMPATH/Database/Database.php on line 136.
 1 SYSTEMPATH/Database/Database.php(56): CodeIgniter\Database\Database->initDriver()
 2 SYSTEMPATH/Database/Config.php(78): CodeIgniter\Database\Database->load()
 3 SYSTEMPATH/Model.php(137): CodeIgniter\Database\Config::connect()
 4 APPPATH/Controllers/Producto.php(12): CodeIgniter\Model->__construct()
 5 SYSTEMPATH/CodeIgniter.php(902): App\Controllers\Producto->index()
 6 SYSTEMPATH/CodeIgniter.php(457): CodeIgniter\CodeIgniter->runController()
 7 SYSTEMPATH/CodeIgniter.php(340): CodeIgniter\CodeIgniter->handleRequest()
 8 FCPATH/index.php(67): CodeIgniter\CodeIgniter->run()
CRITICAL - 2022-10-25 00:50:07 --> Undefined constant "CodeIgniter\Database\MySQLi\MYSQLI_STORE_RESULT"
in SYSTEMPATH/Database/Database.php on line 136.
 1 SYSTEMPATH/Database/Database.php(56): CodeIgniter\Database\Database->initDriver()
 2 SYSTEMPATH/Database/Config.php(78): CodeIgniter\Database\Database->load()
 3 SYSTEMPATH/Model.php(137): CodeIgniter\Database\Config::connect()
 4 APPPATH/Controllers/Producto.php(12): CodeIgniter\Model->__construct()
 5 SYSTEMPATH/CodeIgniter.php(902): App\Controllers\Producto->index()
 6 SYSTEMPATH/CodeIgniter.php(457): CodeIgniter\CodeIgniter->runController()
 7 SYSTEMPATH/CodeIgniter.php(340): CodeIgniter\CodeIgniter->handleRequest()
 8 FCPATH/index.php(67): CodeIgniter\CodeIgniter->run()
CRITICAL - 2022-10-25 00:50:29 --> Undefined constant "CodeIgniter\Database\MySQLi\MYSQLI_STORE_RESULT"
in SYSTEMPATH/Database/Database.php on line 136.
 1 SYSTEMPATH/Database/Database.php(56): CodeIgniter\Database\Database->initDriver()
 2 SYSTEMPATH/Database/Config.php(78): CodeIgniter\Database\Database->load()
 3 SYSTEMPATH/Model.php(137): CodeIgniter\Database\Config::connect()
 4 APPPATH/Controllers/Producto.php(12): CodeIgniter\Model->__construct()
 5 SYSTEMPATH/CodeIgniter.php(902): App\Controllers\Producto->index()
 6 SYSTEMPATH/CodeIgniter.php(457): CodeIgniter\CodeIgniter->runController()
 7 SYSTEMPATH/CodeIgniter.php(340): CodeIgniter\CodeIgniter->handleRequest()
 8 FCPATH/index.php(67): CodeIgniter\CodeIgniter->run()
CRITICAL - 2022-10-25 00:50:30 --> Undefined constant "CodeIgniter\Database\MySQLi\MYSQLI_STORE_RESULT"
in SYSTEMPATH/Database/Database.php on line 136.
 1 SYSTEMPATH/Database/Database.php(56): CodeIgniter\Database\Database->initDriver()
 2 SYSTEMPATH/Database/Config.php(78): CodeIgniter\Database\Database->load()
 3 SYSTEMPATH/Model.php(137): CodeIgniter\Database\Config::connect()
 4 APPPATH/Controllers/Producto.php(12): CodeIgniter\Model->__construct()
 5 SYSTEMPATH/CodeIgniter.php(902): App\Controllers\Producto->index()
 6 SYSTEMPATH/CodeIgniter.php(457): CodeIgniter\CodeIgniter->runController()
 7 SYSTEMPATH/CodeIgniter.php(340): CodeIgniter\CodeIgniter->handleRequest()
 8 FCPATH/index.php(67): CodeIgniter\CodeIgniter->run()
CRITICAL - 2022-10-25 00:51:20 --> Undefined constant "CodeIgniter\Database\MySQLi\MYSQLI_STORE_RESULT"
in SYSTEMPATH/Database/Database.php on line 136.
 1 SYSTEMPATH/Database/Database.php(56): CodeIgniter\Database\Database->initDriver()
 2 SYSTEMPATH/Database/Config.php(78): CodeIgniter\Database\Database->load()
 3 SYSTEMPATH/Model.php(137): CodeIgniter\Database\Config::connect()
 4 APPPATH/Controllers/Producto.php(12): CodeIgniter\Model->__construct()
 5 SYSTEMPATH/CodeIgniter.php(902): App\Controllers\Producto->index()
 6 SYSTEMPATH/CodeIgniter.php(457): CodeIgniter\CodeIgniter->runController()
 7 SYSTEMPATH/CodeIgniter.php(340): CodeIgniter\CodeIgniter->handleRequest()
 8 FCPATH/index.php(67): CodeIgniter\CodeIgniter->run()
CRITICAL - 2022-10-25 00:51:21 --> Undefined constant "CodeIgniter\Database\MySQLi\MYSQLI_STORE_RESULT"
in SYSTEMPATH/Database/Database.php on line 136.
 1 SYSTEMPATH/Database/Database.php(56): CodeIgniter\Database\Database->initDriver()
 2 SYSTEMPATH/Database/Config.php(78): CodeIgniter\Database\Database->load()
 3 SYSTEMPATH/Model.php(137): CodeIgniter\Database\Config::connect()
 4 APPPATH/Controllers/Producto.php(12): CodeIgniter\Model->__construct()
 5 SYSTEMPATH/CodeIgniter.php(902): App\Controllers\Producto->index()
 6 SYSTEMPATH/CodeIgniter.php(457): CodeIgniter\CodeIgniter->runController()
 7 SYSTEMPATH/CodeIgniter.php(340): CodeIgniter\CodeIgniter->handleRequest()
 8 FCPATH/index.php(67): CodeIgniter\CodeIgniter->run()
CRITICAL - 2022-10-25 00:53:12 --> Undefined constant "CodeIgniter\Database\MySQLi\MYSQLI_STORE_RESULT"
in SYSTEMPATH/Database/Database.php on line 136.
 1 SYSTEMPATH/Database/Database.php(56): CodeIgniter\Database\Database->initDriver()
 2 SYSTEMPATH/Database/Config.php(78): CodeIgniter\Database\Database->load()
 3 SYSTEMPATH/Model.php(137): CodeIgniter\Database\Config::connect()
 4 APPPATH/Controllers/Producto.php(12): CodeIgniter\Model->__construct()
 5 SYSTEMPATH/CodeIgniter.php(902): App\Controllers\Producto->index()
 6 SYSTEMPATH/CodeIgniter.php(457): CodeIgniter\CodeIgniter->runController()
 7 SYSTEMPATH/CodeIgniter.php(340): CodeIgniter\CodeIgniter->handleRequest()
 8 FCPATH/index.php(67): CodeIgniter\CodeIgniter->run()
CRITICAL - 2022-10-25 00:53:13 --> Undefined constant "CodeIgniter\Database\MySQLi\MYSQLI_STORE_RESULT"
in SYSTEMPATH/Database/Database.php on line 136.
 1 SYSTEMPATH/Database/Database.php(56): CodeIgniter\Database\Database->initDriver()
 2 SYSTEMPATH/Database/Config.php(78): CodeIgniter\Database\Database->load()
 3 SYSTEMPATH/Model.php(137): CodeIgniter\Database\Config::connect()
 4 APPPATH/Controllers/Producto.php(12): CodeIgniter\Model->__construct()
 5 SYSTEMPATH/CodeIgniter.php(902): App\Controllers\Producto->index()
 6 SYSTEMPATH/CodeIgniter.php(457): CodeIgniter\CodeIgniter->runController()
 7 SYSTEMPATH/CodeIgniter.php(340): CodeIgniter\CodeIgniter->handleRequest()
 8 FCPATH/index.php(67): CodeIgniter\CodeIgniter->run()
CRITICAL - 2022-10-25 00:53:13 --> Undefined constant "CodeIgniter\Database\MySQLi\MYSQLI_STORE_RESULT"
in SYSTEMPATH/Database/Database.php on line 136.
 1 SYSTEMPATH/Database/Database.php(56): CodeIgniter\Database\Database->initDriver()
 2 SYSTEMPATH/Database/Config.php(78): CodeIgniter\Database\Database->load()
 3 SYSTEMPATH/Model.php(137): CodeIgniter\Database\Config::connect()
 4 APPPATH/Controllers/Producto.php(12): CodeIgniter\Model->__construct()
 5 SYSTEMPATH/CodeIgniter.php(902): App\Controllers\Producto->index()
 6 SYSTEMPATH/CodeIgniter.php(457): CodeIgniter\CodeIgniter->runController()
 7 SYSTEMPATH/CodeIgniter.php(340): CodeIgniter\CodeIgniter->handleRequest()
 8 FCPATH/index.php(67): CodeIgniter\CodeIgniter->run()
CRITICAL - 2022-10-25 00:53:14 --> Undefined constant "CodeIgniter\Database\MySQLi\MYSQLI_STORE_RESULT"
in SYSTEMPATH/Database/Database.php on line 136.
 1 SYSTEMPATH/Database/Database.php(56): CodeIgniter\Database\Database->initDriver()
 2 SYSTEMPATH/Database/Config.php(78): CodeIgniter\Database\Database->load()
 3 SYSTEMPATH/Model.php(137): CodeIgniter\Database\Config::connect()
 4 APPPATH/Controllers/Producto.php(12): CodeIgniter\Model->__construct()
 5 SYSTEMPATH/CodeIgniter.php(902): App\Controllers\Producto->index()
 6 SYSTEMPATH/CodeIgniter.php(457): CodeIgniter\CodeIgniter->runController()
 7 SYSTEMPATH/CodeIgniter.php(340): CodeIgniter\CodeIgniter->handleRequest()
 8 FCPATH/index.php(67): CodeIgniter\CodeIgniter->run()
CRITICAL - 2022-10-25 00:54:43 --> Undefined constant "CodeIgniter\Database\MySQLi\MYSQLI_STORE_RESULT"
in SYSTEMPATH/Database/Database.php on line 136.
 1 SYSTEMPATH/Database/Database.php(56): CodeIgniter\Database\Database->initDriver()
 2 SYSTEMPATH/Database/Config.php(78): CodeIgniter\Database\Database->load()
 3 SYSTEMPATH/Model.php(137): CodeIgniter\Database\Config::connect()
 4 APPPATH/Controllers/Producto.php(12): CodeIgniter\Model->__construct()
 5 SYSTEMPATH/CodeIgniter.php(902): App\Controllers\Producto->index()
 6 SYSTEMPATH/CodeIgniter.php(457): CodeIgniter\CodeIgniter->runController()
 7 SYSTEMPATH/CodeIgniter.php(340): CodeIgniter\CodeIgniter->handleRequest()
 8 FCPATH/index.php(67): CodeIgniter\CodeIgniter->run()
CRITICAL - 2022-10-25 01:09:58 --> Undefined constant "CodeIgniter\Database\MySQLi\MYSQLI_STORE_RESULT"
in SYSTEMPATH/Database/Database.php on line 136.
 1 SYSTEMPATH/Database/Database.php(56): CodeIgniter\Database\Database->initDriver()
 2 SYSTEMPATH/Database/Config.php(78): CodeIgniter\Database\Database->load()
 3 SYSTEMPATH/Model.php(137): CodeIgniter\Database\Config::connect()
 4 APPPATH/Controllers/Producto.php(12): CodeIgniter\Model->__construct()
 5 SYSTEMPATH/CodeIgniter.php(902): App\Controllers\Producto->index()
 6 SYSTEMPATH/CodeIgniter.php(457): CodeIgniter\CodeIgniter->runController()
 7 SYSTEMPATH/CodeIgniter.php(340): CodeIgniter\CodeIgniter->handleRequest()
 8 FCPATH/index.php(67): CodeIgniter\CodeIgniter->run()
CRITICAL - 2022-10-25 01:10:30 --> Undefined constant "CodeIgniter\Database\MySQLi\MYSQLI_STORE_RESULT"
in SYSTEMPATH/Database/Database.php on line 136.
 1 SYSTEMPATH/Database/Database.php(56): CodeIgniter\Database\Database->initDriver()
 2 SYSTEMPATH/Database/Config.php(78): CodeIgniter\Database\Database->load()
 3 SYSTEMPATH/Model.php(137): CodeIgniter\Database\Config::connect()
 4 APPPATH/Controllers/Producto.php(12): CodeIgniter\Model->__construct()
 5 SYSTEMPATH/CodeIgniter.php(902): App\Controllers\Producto->index()
 6 SYSTEMPATH/CodeIgniter.php(457): CodeIgniter\CodeIgniter->runController()
 7 SYSTEMPATH/CodeIgniter.php(340): CodeIgniter\CodeIgniter->handleRequest()
 8 FCPATH/index.php(67): CodeIgniter\CodeIgniter->run()
CRITICAL - 2022-10-25 01:11:04 --> Undefined constant "CodeIgniter\Database\MySQLi\MYSQLI_STORE_RESULT"
in SYSTEMPATH/Database/Database.php on line 136.
 1 SYSTEMPATH/Database/Database.php(56): CodeIgniter\Database\Database->initDriver()
 2 SYSTEMPATH/Database/Config.php(78): CodeIgniter\Database\Database->load()
 3 SYSTEMPATH/Model.php(137): CodeIgniter\Database\Config::connect()
 4 APPPATH/Controllers/Producto.php(12): CodeIgniter\Model->__construct()
 5 SYSTEMPATH/CodeIgniter.php(902): App\Controllers\Producto->index()
 6 SYSTEMPATH/CodeIgniter.php(457): CodeIgniter\CodeIgniter->runController()
 7 SYSTEMPATH/CodeIgniter.php(340): CodeIgniter\CodeIgniter->handleRequest()
 8 FCPATH/index.php(67): CodeIgniter\CodeIgniter->run()
CRITICAL - 2022-10-25 01:11:04 --> Undefined constant "CodeIgniter\Database\MySQLi\MYSQLI_STORE_RESULT"
in SYSTEMPATH/Database/Database.php on line 136.
 1 SYSTEMPATH/Database/Database.php(56): CodeIgniter\Database\Database->initDriver()
 2 SYSTEMPATH/Database/Config.php(78): CodeIgniter\Database\Database->load()
 3 SYSTEMPATH/Model.php(137): CodeIgniter\Database\Config::connect()
 4 APPPATH/Controllers/Producto.php(12): CodeIgniter\Model->__construct()
 5 SYSTEMPATH/CodeIgniter.php(902): App\Controllers\Producto->index()
 6 SYSTEMPATH/CodeIgniter.php(457): CodeIgniter\CodeIgniter->runController()
 7 SYSTEMPATH/CodeIgniter.php(340): CodeIgniter\CodeIgniter->handleRequest()
 8 FCPATH/index.php(67): CodeIgniter\CodeIgniter->run()
CRITICAL - 2022-10-25 01:11:05 --> Undefined constant "CodeIgniter\Database\MySQLi\MYSQLI_STORE_RESULT"
in SYSTEMPATH/Database/Database.php on line 136.
 1 SYSTEMPATH/Database/Database.php(56): CodeIgniter\Database\Database->initDriver()
 2 SYSTEMPATH/Database/Config.php(78): CodeIgniter\Database\Database->load()
 3 SYSTEMPATH/Model.php(137): CodeIgniter\Database\Config::connect()
 4 APPPATH/Controllers/Producto.php(12): CodeIgniter\Model->__construct()
 5 SYSTEMPATH/CodeIgniter.php(902): App\Controllers\Producto->index()
 6 SYSTEMPATH/CodeIgniter.php(457): CodeIgniter\CodeIgniter->runController()
 7 SYSTEMPATH/CodeIgniter.php(340): CodeIgniter\CodeIgniter->handleRequest()
 8 FCPATH/index.php(67): CodeIgniter\CodeIgniter->run()
CRITICAL - 2022-10-25 01:25:37 --> Undefined constant "CodeIgniter\Database\MySQLi\MYSQLI_STORE_RESULT"
in SYSTEMPATH/Database/Database.php on line 136.
 1 SYSTEMPATH/Database/Database.php(56): CodeIgniter\Database\Database->initDriver()
 2 SYSTEMPATH/Database/Config.php(78): CodeIgniter\Database\Database->load()
 3 SYSTEMPATH/Model.php(137): CodeIgniter\Database\Config::connect()
 4 APPPATH/Controllers/Producto.php(12): CodeIgniter\Model->__construct()
 5 SYSTEMPATH/CodeIgniter.php(902): App\Controllers\Producto->index()
 6 SYSTEMPATH/CodeIgniter.php(457): CodeIgniter\CodeIgniter->runController()
 7 SYSTEMPATH/CodeIgniter.php(340): CodeIgniter\CodeIgniter->handleRequest()
 8 FCPATH/index.php(67): CodeIgniter\CodeIgniter->run()
CRITICAL - 2022-10-25 01:33:14 --> Class "App\Controllers\PDO" not found
in APPPATH/Controllers/Home.php on line 24.
 1 SYSTEMPATH/CodeIgniter.php(902): App\Controllers\Home->index()
 2 SYSTEMPATH/CodeIgniter.php(457): CodeIgniter\CodeIgniter->runController()
 3 SYSTEMPATH/CodeIgniter.php(340): CodeIgniter\CodeIgniter->handleRequest()
 4 FCPATH/index.php(67): CodeIgniter\CodeIgniter->run()
CRITICAL - 2022-10-25 01:33:35 --> could not find driver
in APPPATH/Controllers/Home.php on line 26.
 1 APPPATH/Controllers/Home.php(26): PDO->__construct()
 2 SYSTEMPATH/CodeIgniter.php(902): App\Controllers\Home->index()
 3 SYSTEMPATH/CodeIgniter.php(457): CodeIgniter\CodeIgniter->runController()
 4 SYSTEMPATH/CodeIgniter.php(340): CodeIgniter\CodeIgniter->handleRequest()
 5 FCPATH/index.php(67): CodeIgniter\CodeIgniter->run()
CRITICAL - 2022-10-25 01:35:44 --> could not find driver
in APPPATH/Controllers/Home.php on line 26.
 1 APPPATH/Controllers/Home.php(26): PDO->__construct()
 2 SYSTEMPATH/CodeIgniter.php(902): App\Controllers\Home->index()
 3 SYSTEMPATH/CodeIgniter.php(457): CodeIgniter\CodeIgniter->runController()
 4 SYSTEMPATH/CodeIgniter.php(340): CodeIgniter\CodeIgniter->handleRequest()
 5 FCPATH/index.php(67): CodeIgniter\CodeIgniter->run()
CRITICAL - 2022-10-25 01:35:45 --> could not find driver
in APPPATH/Controllers/Home.php on line 26.
 1 APPPATH/Controllers/Home.php(26): PDO->__construct()
 2 SYSTEMPATH/CodeIgniter.php(902): App\Controllers\Home->index()
 3 SYSTEMPATH/CodeIgniter.php(457): CodeIgniter\CodeIgniter->runController()
 4 SYSTEMPATH/CodeIgniter.php(340): CodeIgniter\CodeIgniter->handleRequest()
 5 FCPATH/index.php(67): CodeIgniter\CodeIgniter->run()
CRITICAL - 2022-10-25 01:35:45 --> could not find driver
in APPPATH/Controllers/Home.php on line 26.
 1 APPPATH/Controllers/Home.php(26): PDO->__construct()
 2 SYSTEMPATH/CodeIgniter.php(902): App\Controllers\Home->index()
 3 SYSTEMPATH/CodeIgniter.php(457): CodeIgniter\CodeIgniter->runController()
 4 SYSTEMPATH/CodeIgniter.php(340): CodeIgniter\CodeIgniter->handleRequest()
 5 FCPATH/index.php(67): CodeIgniter\CodeIgniter->run()
CRITICAL - 2022-10-25 01:35:46 --> could not find driver
in APPPATH/Controllers/Home.php on line 26.
 1 APPPATH/Controllers/Home.php(26): PDO->__construct()
 2 SYSTEMPATH/CodeIgniter.php(902): App\Controllers\Home->index()
 3 SYSTEMPATH/CodeIgniter.php(457): CodeIgniter\CodeIgniter->runController()
 4 SYSTEMPATH/CodeIgniter.php(340): CodeIgniter\CodeIgniter->handleRequest()
 5 FCPATH/index.php(67): CodeIgniter\CodeIgniter->run()
CRITICAL - 2022-10-25 01:36:31 --> could not find driver
in APPPATH/Controllers/Home.php on line 26.
 1 APPPATH/Controllers/Home.php(26): PDO->__construct()
 2 SYSTEMPATH/CodeIgniter.php(902): App\Controllers\Home->index()
 3 SYSTEMPATH/CodeIgniter.php(457): CodeIgniter\CodeIgniter->runController()
 4 SYSTEMPATH/CodeIgniter.php(340): CodeIgniter\CodeIgniter->handleRequest()
 5 FCPATH/index.php(67): CodeIgniter\CodeIgniter->run()
CRITICAL - 2022-10-25 01:36:32 --> could not find driver
in APPPATH/Controllers/Home.php on line 26.
 1 APPPATH/Controllers/Home.php(26): PDO->__construct()
 2 SYSTEMPATH/CodeIgniter.php(902): App\Controllers\Home->index()
 3 SYSTEMPATH/CodeIgniter.php(457): CodeIgniter\CodeIgniter->runController()
 4 SYSTEMPATH/CodeIgniter.php(340): CodeIgniter\CodeIgniter->handleRequest()
 5 FCPATH/index.php(67): CodeIgniter\CodeIgniter->run()
CRITICAL - 2022-10-25 01:36:33 --> could not find driver
in APPPATH/Controllers/Home.php on line 26.
 1 APPPATH/Controllers/Home.php(26): PDO->__construct()
 2 SYSTEMPATH/CodeIgniter.php(902): App\Controllers\Home->index()
 3 SYSTEMPATH/CodeIgniter.php(457): CodeIgniter\CodeIgniter->runController()
 4 SYSTEMPATH/CodeIgniter.php(340): CodeIgniter\CodeIgniter->handleRequest()
 5 FCPATH/index.php(67): CodeIgniter\CodeIgniter->run()
CRITICAL - 2022-10-25 01:36:33 --> could not find driver
in APPPATH/Controllers/Home.php on line 26.
 1 APPPATH/Controllers/Home.php(26): PDO->__construct()
 2 SYSTEMPATH/CodeIgniter.php(902): App\Controllers\Home->index()
 3 SYSTEMPATH/CodeIgniter.php(457): CodeIgniter\CodeIgniter->runController()
 4 SYSTEMPATH/CodeIgniter.php(340): CodeIgniter\CodeIgniter->handleRequest()
 5 FCPATH/index.php(67): CodeIgniter\CodeIgniter->run()
CRITICAL - 2022-10-25 01:36:33 --> could not find driver
in APPPATH/Controllers/Home.php on line 26.
 1 APPPATH/Controllers/Home.php(26): PDO->__construct()
 2 SYSTEMPATH/CodeIgniter.php(902): App\Controllers\Home->index()
 3 SYSTEMPATH/CodeIgniter.php(457): CodeIgniter\CodeIgniter->runController()
 4 SYSTEMPATH/CodeIgniter.php(340): CodeIgniter\CodeIgniter->handleRequest()
 5 FCPATH/index.php(67): CodeIgniter\CodeIgniter->run()
CRITICAL - 2022-10-25 01:36:34 --> could not find driver
in APPPATH/Controllers/Home.php on line 26.
 1 APPPATH/Controllers/Home.php(26): PDO->__construct()
 2 SYSTEMPATH/CodeIgniter.php(902): App\Controllers\Home->index()
 3 SYSTEMPATH/CodeIgniter.php(457): CodeIgniter\CodeIgniter->runController()
 4 SYSTEMPATH/CodeIgniter.php(340): CodeIgniter\CodeIgniter->handleRequest()
 5 FCPATH/index.php(67): CodeIgniter\CodeIgniter->run()
CRITICAL - 2022-10-25 01:36:34 --> could not find driver
in APPPATH/Controllers/Home.php on line 26.
 1 APPPATH/Controllers/Home.php(26): PDO->__construct()
 2 SYSTEMPATH/CodeIgniter.php(902): App\Controllers\Home->index()
 3 SYSTEMPATH/CodeIgniter.php(457): CodeIgniter\CodeIgniter->runController()
 4 SYSTEMPATH/CodeIgniter.php(340): CodeIgniter\CodeIgniter->handleRequest()
 5 FCPATH/index.php(67): CodeIgniter\CodeIgniter->run()
CRITICAL - 2022-10-25 01:36:34 --> could not find driver
in APPPATH/Controllers/Home.php on line 26.
 1 APPPATH/Controllers/Home.php(26): PDO->__construct()
 2 SYSTEMPATH/CodeIgniter.php(902): App\Controllers\Home->index()
 3 SYSTEMPATH/CodeIgniter.php(457): CodeIgniter\CodeIgniter->runController()
 4 SYSTEMPATH/CodeIgniter.php(340): CodeIgniter\CodeIgniter->handleRequest()
 5 FCPATH/index.php(67): CodeIgniter\CodeIgniter->run()
CRITICAL - 2022-10-25 01:36:34 --> could not find driver
in APPPATH/Controllers/Home.php on line 26.
 1 APPPATH/Controllers/Home.php(26): PDO->__construct()
 2 SYSTEMPATH/CodeIgniter.php(902): App\Controllers\Home->index()
 3 SYSTEMPATH/CodeIgniter.php(457): CodeIgniter\CodeIgniter->runController()
 4 SYSTEMPATH/CodeIgniter.php(340): CodeIgniter\CodeIgniter->handleRequest()
 5 FCPATH/index.php(67): CodeIgniter\CodeIgniter->run()
CRITICAL - 2022-10-25 01:36:34 --> could not find driver
in APPPATH/Controllers/Home.php on line 26.
 1 APPPATH/Controllers/Home.php(26): PDO->__construct()
 2 SYSTEMPATH/CodeIgniter.php(902): App\Controllers\Home->index()
 3 SYSTEMPATH/CodeIgniter.php(457): CodeIgniter\CodeIgniter->runController()
 4 SYSTEMPATH/CodeIgniter.php(340): CodeIgniter\CodeIgniter->handleRequest()
 5 FCPATH/index.php(67): CodeIgniter\CodeIgniter->run()
CRITICAL - 2022-10-25 01:36:35 --> could not find driver
in APPPATH/Controllers/Home.php on line 26.
 1 APPPATH/Controllers/Home.php(26): PDO->__construct()
 2 SYSTEMPATH/CodeIgniter.php(902): App\Controllers\Home->index()
 3 SYSTEMPATH/CodeIgniter.php(457): CodeIgniter\CodeIgniter->runController()
 4 SYSTEMPATH/CodeIgniter.php(340): CodeIgniter\CodeIgniter->handleRequest()
 5 FCPATH/index.php(67): CodeIgniter\CodeIgniter->run()
CRITICAL - 2022-10-25 01:36:35 --> could not find driver
in APPPATH/Controllers/Home.php on line 26.
 1 APPPATH/Controllers/Home.php(26): PDO->__construct()
 2 SYSTEMPATH/CodeIgniter.php(902): App\Controllers\Home->index()
 3 SYSTEMPATH/CodeIgniter.php(457): CodeIgniter\CodeIgniter->runController()
 4 SYSTEMPATH/CodeIgniter.php(340): CodeIgniter\CodeIgniter->handleRequest()
 5 FCPATH/index.php(67): CodeIgniter\CodeIgniter->run()
CRITICAL - 2022-10-25 01:36:35 --> could not find driver
in APPPATH/Controllers/Home.php on line 26.
 1 APPPATH/Controllers/Home.php(26): PDO->__construct()
 2 SYSTEMPATH/CodeIgniter.php(902): App\Controllers\Home->index()
 3 SYSTEMPATH/CodeIgniter.php(457): CodeIgniter\CodeIgniter->runController()
 4 SYSTEMPATH/CodeIgniter.php(340): CodeIgniter\CodeIgniter->handleRequest()
 5 FCPATH/index.php(67): CodeIgniter\CodeIgniter->run()
CRITICAL - 2022-10-25 01:36:35 --> could not find driver
in APPPATH/Controllers/Home.php on line 26.
 1 APPPATH/Controllers/Home.php(26): PDO->__construct()
 2 SYSTEMPATH/CodeIgniter.php(902): App\Controllers\Home->index()
 3 SYSTEMPATH/CodeIgniter.php(457): CodeIgniter\CodeIgniter->runController()
 4 SYSTEMPATH/CodeIgniter.php(340): CodeIgniter\CodeIgniter->handleRequest()
 5 FCPATH/index.php(67): CodeIgniter\CodeIgniter->run()
CRITICAL - 2022-10-25 01:36:35 --> could not find driver
in APPPATH/Controllers/Home.php on line 26.
 1 APPPATH/Controllers/Home.php(26): PDO->__construct()
 2 SYSTEMPATH/CodeIgniter.php(902): App\Controllers\Home->index()
 3 SYSTEMPATH/CodeIgniter.php(457): CodeIgniter\CodeIgniter->runController()
 4 SYSTEMPATH/CodeIgniter.php(340): CodeIgniter\CodeIgniter->handleRequest()
 5 FCPATH/index.php(67): CodeIgniter\CodeIgniter->run()
CRITICAL - 2022-10-25 01:36:36 --> could not find driver
in APPPATH/Controllers/Home.php on line 26.
 1 APPPATH/Controllers/Home.php(26): PDO->__construct()
 2 SYSTEMPATH/CodeIgniter.php(902): App\Controllers\Home->index()
 3 SYSTEMPATH/CodeIgniter.php(457): CodeIgniter\CodeIgniter->runController()
 4 SYSTEMPATH/CodeIgniter.php(340): CodeIgniter\CodeIgniter->handleRequest()
 5 FCPATH/index.php(67): CodeIgniter\CodeIgniter->run()
CRITICAL - 2022-10-25 01:36:36 --> could not find driver
in APPPATH/Controllers/Home.php on line 26.
 1 APPPATH/Controllers/Home.php(26): PDO->__construct()
 2 SYSTEMPATH/CodeIgniter.php(902): App\Controllers\Home->index()
 3 SYSTEMPATH/CodeIgniter.php(457): CodeIgniter\CodeIgniter->runController()
 4 SYSTEMPATH/CodeIgniter.php(340): CodeIgniter\CodeIgniter->handleRequest()
 5 FCPATH/index.php(67): CodeIgniter\CodeIgniter->run()
CRITICAL - 2022-10-25 01:36:36 --> could not find driver
in APPPATH/Controllers/Home.php on line 26.
 1 APPPATH/Controllers/Home.php(26): PDO->__construct()
 2 SYSTEMPATH/CodeIgniter.php(902): App\Controllers\Home->index()
 3 SYSTEMPATH/CodeIgniter.php(457): CodeIgniter\CodeIgniter->runController()
 4 SYSTEMPATH/CodeIgniter.php(340): CodeIgniter\CodeIgniter->handleRequest()
 5 FCPATH/index.php(67): CodeIgniter\CodeIgniter->run()
CRITICAL - 2022-10-25 01:43:20 --> could not find driver
in APPPATH/Controllers/Home.php on line 26.
 1 APPPATH/Controllers/Home.php(26): PDO->__construct()
 2 SYSTEMPATH/CodeIgniter.php(902): App\Controllers\Home->index()
 3 SYSTEMPATH/CodeIgniter.php(457): CodeIgniter\CodeIgniter->runController()
 4 SYSTEMPATH/CodeIgniter.php(340): CodeIgniter\CodeIgniter->handleRequest()
 5 FCPATH/index.php(67): CodeIgniter\CodeIgniter->run()
CRITICAL - 2022-10-25 01:43:21 --> could not find driver
in APPPATH/Controllers/Home.php on line 26.
 1 APPPATH/Controllers/Home.php(26): PDO->__construct()
 2 SYSTEMPATH/CodeIgniter.php(902): App\Controllers\Home->index()
 3 SYSTEMPATH/CodeIgniter.php(457): CodeIgniter\CodeIgniter->runController()
 4 SYSTEMPATH/CodeIgniter.php(340): CodeIgniter\CodeIgniter->handleRequest()
 5 FCPATH/index.php(67): CodeIgniter\CodeIgniter->run()
CRITICAL - 2022-10-25 01:47:40 --> could not find driver
in APPPATH/Controllers/Home.php on line 26.
 1 APPPATH/Controllers/Home.php(26): PDO->__construct()
 2 SYSTEMPATH/CodeIgniter.php(902): App\Controllers\Home->index()
 3 SYSTEMPATH/CodeIgniter.php(457): CodeIgniter\CodeIgniter->runController()
 4 SYSTEMPATH/CodeIgniter.php(340): CodeIgniter\CodeIgniter->handleRequest()
 5 FCPATH/index.php(67): CodeIgniter\CodeIgniter->run()
CRITICAL - 2022-10-25 01:49:10 --> could not find driver
in APPPATH/Controllers/Home.php on line 26.
 1 APPPATH/Controllers/Home.php(26): PDO->__construct()
 2 SYSTEMPATH/CodeIgniter.php(902): App\Controllers\Home->index()
 3 SYSTEMPATH/CodeIgniter.php(457): CodeIgniter\CodeIgniter->runController()
 4 SYSTEMPATH/CodeIgniter.php(340): CodeIgniter\CodeIgniter->handleRequest()
 5 FCPATH/index.php(67): CodeIgniter\CodeIgniter->run()
CRITICAL - 2022-10-25 01:49:10 --> could not find driver
in APPPATH/Controllers/Home.php on line 26.
 1 APPPATH/Controllers/Home.php(26): PDO->__construct()
 2 SYSTEMPATH/CodeIgniter.php(902): App\Controllers\Home->index()
 3 SYSTEMPATH/CodeIgniter.php(457): CodeIgniter\CodeIgniter->runController()
 4 SYSTEMPATH/CodeIgniter.php(340): CodeIgniter\CodeIgniter->handleRequest()
 5 FCPATH/index.php(67): CodeIgniter\CodeIgniter->run()
CRITICAL - 2022-10-25 01:49:11 --> could not find driver
in APPPATH/Controllers/Home.php on line 26.
 1 APPPATH/Controllers/Home.php(26): PDO->__construct()
 2 SYSTEMPATH/CodeIgniter.php(902): App\Controllers\Home->index()
 3 SYSTEMPATH/CodeIgniter.php(457): CodeIgniter\CodeIgniter->runController()
 4 SYSTEMPATH/CodeIgniter.php(340): CodeIgniter\CodeIgniter->handleRequest()
 5 FCPATH/index.php(67): CodeIgniter\CodeIgniter->run()
CRITICAL - 2022-10-25 01:49:11 --> could not find driver
in APPPATH/Controllers/Home.php on line 26.
 1 APPPATH/Controllers/Home.php(26): PDO->__construct()
 2 SYSTEMPATH/CodeIgniter.php(902): App\Controllers\Home->index()
 3 SYSTEMPATH/CodeIgniter.php(457): CodeIgniter\CodeIgniter->runController()
 4 SYSTEMPATH/CodeIgniter.php(340): CodeIgniter\CodeIgniter->handleRequest()
 5 FCPATH/index.php(67): CodeIgniter\CodeIgniter->run()
CRITICAL - 2022-10-25 01:49:11 --> could not find driver
in APPPATH/Controllers/Home.php on line 26.
 1 APPPATH/Controllers/Home.php(26): PDO->__construct()
 2 SYSTEMPATH/CodeIgniter.php(902): App\Controllers\Home->index()
 3 SYSTEMPATH/CodeIgniter.php(457): CodeIgniter\CodeIgniter->runController()
 4 SYSTEMPATH/CodeIgniter.php(340): CodeIgniter\CodeIgniter->handleRequest()
 5 FCPATH/index.php(67): CodeIgniter\CodeIgniter->run()
CRITICAL - 2022-10-25 01:49:11 --> could not find driver
in APPPATH/Controllers/Home.php on line 26.
 1 APPPATH/Controllers/Home.php(26): PDO->__construct()
 2 SYSTEMPATH/CodeIgniter.php(902): App\Controllers\Home->index()
 3 SYSTEMPATH/CodeIgniter.php(457): CodeIgniter\CodeIgniter->runController()
 4 SYSTEMPATH/CodeIgniter.php(340): CodeIgniter\CodeIgniter->handleRequest()
 5 FCPATH/index.php(67): CodeIgniter\CodeIgniter->run()
CRITICAL - 2022-10-25 01:49:11 --> could not find driver
in APPPATH/Controllers/Home.php on line 26.
 1 APPPATH/Controllers/Home.php(26): PDO->__construct()
 2 SYSTEMPATH/CodeIgniter.php(902): App\Controllers\Home->index()
 3 SYSTEMPATH/CodeIgniter.php(457): CodeIgniter\CodeIgniter->runController()
 4 SYSTEMPATH/CodeIgniter.php(340): CodeIgniter\CodeIgniter->handleRequest()
 5 FCPATH/index.php(67): CodeIgniter\CodeIgniter->run()
CRITICAL - 2022-10-25 01:49:11 --> could not find driver
in APPPATH/Controllers/Home.php on line 26.
 1 APPPATH/Controllers/Home.php(26): PDO->__construct()
 2 SYSTEMPATH/CodeIgniter.php(902): App\Controllers\Home->index()
 3 SYSTEMPATH/CodeIgniter.php(457): CodeIgniter\CodeIgniter->runController()
 4 SYSTEMPATH/CodeIgniter.php(340): CodeIgniter\CodeIgniter->handleRequest()
 5 FCPATH/index.php(67): CodeIgniter\CodeIgniter->run()
CRITICAL - 2022-10-25 01:49:42 --> could not find driver
in APPPATH/Controllers/Home.php on line 26.
 1 APPPATH/Controllers/Home.php(26): PDO->__construct()
 2 SYSTEMPATH/CodeIgniter.php(902): App\Controllers\Home->index()
 3 SYSTEMPATH/CodeIgniter.php(457): CodeIgniter\CodeIgniter->runController()
 4 SYSTEMPATH/CodeIgniter.php(340): CodeIgniter\CodeIgniter->handleRequest()
 5 FCPATH/index.php(67): CodeIgniter\CodeIgniter->run()
CRITICAL - 2022-10-25 01:49:43 --> could not find driver
in APPPATH/Controllers/Home.php on line 26.
 1 APPPATH/Controllers/Home.php(26): PDO->__construct()
 2 SYSTEMPATH/CodeIgniter.php(902): App\Controllers\Home->index()
 3 SYSTEMPATH/CodeIgniter.php(457): CodeIgniter\CodeIgniter->runController()
 4 SYSTEMPATH/CodeIgniter.php(340): CodeIgniter\CodeIgniter->handleRequest()
 5 FCPATH/index.php(67): CodeIgniter\CodeIgniter->run()
CRITICAL - 2022-10-25 01:50:08 --> Uncaught TypeError: abs(): Argument #1 ($num) must be of type int|float, string given in /srv/codeigniter4-framework-011ce3b/system/Debug/Exceptions.php:315
Stack trace:
#0 /srv/codeigniter4-framework-011ce3b/system/Debug/Exceptions.php(315): abs()
#1 /srv/codeigniter4-framework-011ce3b/system/Debug/Exceptions.php(107): CodeIgniter\Debug\Exceptions->determineCodes()
#2 [internal function]: CodeIgniter\Debug\Exceptions->exceptionHandler()
#3 {main}
  thrown
in SYSTEMPATH/Debug/Exceptions.php on line 315.
 1 [internal function]: CodeIgniter\Debug\Exceptions->shutdownHandler()
CRITICAL - 2022-10-25 01:50:38 --> Invalid file: productos.php
in SYSTEMPATH/Exceptions/FrameworkException.php on line 33.
 1 SYSTEMPATH/View/View.php(201): CodeIgniter\Exceptions\FrameworkException::forInvalidFile()
 2 SYSTEMPATH/Common.php(1142): CodeIgniter\View\View->render()
 3 APPPATH/Controllers/Producto.php(17): view()
 4 SYSTEMPATH/CodeIgniter.php(902): App\Controllers\Producto->index()
 5 SYSTEMPATH/CodeIgniter.php(457): CodeIgniter\CodeIgniter->runController()
 6 SYSTEMPATH/CodeIgniter.php(340): CodeIgniter\CodeIgniter->handleRequest()
 7 FCPATH/index.php(67): CodeIgniter\CodeIgniter->run()
CRITICAL - 2022-10-25 08:42:20 --> Undefined variable $usuarios
in APPPATH/Views/productos/usuarios.php on line 25.
 1 APPPATH/Views/productos/usuarios.php(25): CodeIgniter\Debug\Exceptions->errorHandler()
 2 SYSTEMPATH/View/View.php(213): include('APPPATH/Views/productos/usuarios.php')
 3 SYSTEMPATH/View/View.php(216): CodeIgniter\View\View->CodeIgniter\View\{closure}()
 4 SYSTEMPATH/Common.php(1142): CodeIgniter\View\View->render()
 5 APPPATH/Controllers/Producto.php(34): view()
 6 SYSTEMPATH/CodeIgniter.php(902): App\Controllers\Producto->usuarios()
 7 SYSTEMPATH/CodeIgniter.php(457): CodeIgniter\CodeIgniter->runController()
 8 SYSTEMPATH/CodeIgniter.php(340): CodeIgniter\CodeIgniter->handleRequest()
 9 FCPATH/index.php(67): CodeIgniter\CodeIgniter->run()
CRITICAL - 2022-10-25 08:45:39 --> Undefined array key "apellido"
in APPPATH/Views/productos/usuarios.php on line 28.
 1 APPPATH/Views/productos/usuarios.php(28): CodeIgniter\Debug\Exceptions->errorHandler()
 2 SYSTEMPATH/View/View.php(213): include('APPPATH/Views/productos/usuarios.php')
 3 SYSTEMPATH/View/View.php(216): CodeIgniter\View\View->CodeIgniter\View\{closure}()
 4 SYSTEMPATH/Common.php(1142): CodeIgniter\View\View->render()
 5 APPPATH/Controllers/Producto.php(34): view()
 6 SYSTEMPATH/CodeIgniter.php(902): App\Controllers\Producto->usuarios()
 7 SYSTEMPATH/CodeIgniter.php(457): CodeIgniter\CodeIgniter->runController()
 8 SYSTEMPATH/CodeIgniter.php(340): CodeIgniter\CodeIgniter->handleRequest()
 9 FCPATH/index.php(67): CodeIgniter\CodeIgniter->run()
CRITICAL - 2022-10-25 08:56:09 --> Undefined array key "apellido"
in APPPATH/Views/productos/usuarios.php on line 28.
 1 APPPATH/Views/productos/usuarios.php(28): CodeIgniter\Debug\Exceptions->errorHandler()
 2 SYSTEMPATH/View/View.php(213): include('APPPATH/Views/productos/usuarios.php')
 3 SYSTEMPATH/View/View.php(216): CodeIgniter\View\View->CodeIgniter\View\{closure}()
 4 SYSTEMPATH/Common.php(1142): CodeIgniter\View\View->render()
 5 APPPATH/Controllers/Producto.php(41): view()
 6 SYSTEMPATH/CodeIgniter.php(902): App\Controllers\Producto->create()
 7 SYSTEMPATH/CodeIgniter.php(457): CodeIgniter\CodeIgniter->runController()
 8 SYSTEMPATH/CodeIgniter.php(340): CodeIgniter\CodeIgniter->handleRequest()
 9 FCPATH/index.php(67): CodeIgniter\CodeIgniter->run()
CRITICAL - 2022-10-25 09:03:00 --> Cannot declare class App\Models\ProductoModel, because the name is already in use
in APPPATH/Models/UsuarioModel.php on line 0.
 1 [internal function]: CodeIgniter\Debug\Exceptions->shutdownHandler()
ERROR - 2022-10-25 09:03:17 --> mysqli_sql_exception: Table 'sorteo_db.usuarios' doesn't exist in /srv/codeigniter4-framework-011ce3b/system/Database/MySQLi/Connection.php:292
Stack trace:
#0 /srv/codeigniter4-framework-011ce3b/system/Database/MySQLi/Connection.php(292): mysqli->query()
#1 /srv/codeigniter4-framework-011ce3b/system/Database/BaseConnection.php(693): CodeIgniter\Database\MySQLi\Connection->execute()
#2 /srv/codeigniter4-framework-011ce3b/system/Database/BaseConnection.php(620): CodeIgniter\Database\BaseConnection->simpleQuery()
#3 /srv/codeigniter4-framework-011ce3b/system/Database/BaseBuilder.php(1585): CodeIgniter\Database\BaseConnection->query()
#4 /srv/codeigniter4-framework-011ce3b/system/Model.php(223): CodeIgniter\Database\BaseBuilder->get()
#5 /srv/codeigniter4-framework-011ce3b/system/BaseModel.php(584): CodeIgniter\Model->doFindAll()
#6 /srv/codeigniter4-framework-011ce3b/app/Controllers/Producto.php(39): CodeIgniter\BaseModel->findAll()
#7 /srv/codeigniter4-framework-011ce3b/system/CodeIgniter.php(902): App\Controllers\Producto->usuarios()
#8 /srv/codeigniter4-framework-011ce3b/system/CodeIgniter.php(457): CodeIgniter\CodeIgniter->runController()
#9 /srv/codeigniter4-framework-011ce3b/system/CodeIgniter.php(340): CodeIgniter\CodeIgniter->handleRequest()
#10 /srv/codeigniter4-framework-011ce3b/public/index.php(67): CodeIgniter\CodeIgniter->run()
#11 {main}
CRITICAL - 2022-10-25 09:03:17 --> Table 'sorteo_db.usuarios' doesn't exist
in SYSTEMPATH/Database/MySQLi/Connection.php on line 292.
 1 SYSTEMPATH/Database/MySQLi/Connection.php(292): mysqli->query()
 2 SYSTEMPATH/Database/BaseConnection.php(693): CodeIgniter\Database\MySQLi\Connection->execute()
 3 SYSTEMPATH/Database/BaseConnection.php(620): CodeIgniter\Database\BaseConnection->simpleQuery()
 4 SYSTEMPATH/Database/BaseBuilder.php(1585): CodeIgniter\Database\BaseConnection->query()
 5 SYSTEMPATH/Model.php(223): CodeIgniter\Database\BaseBuilder->get()
 6 SYSTEMPATH/BaseModel.php(584): CodeIgniter\Model->doFindAll()
 7 APPPATH/Controllers/Producto.php(39): CodeIgniter\BaseModel->findAll()
 8 SYSTEMPATH/CodeIgniter.php(902): App\Controllers\Producto->usuarios()
 9 SYSTEMPATH/CodeIgniter.php(457): CodeIgniter\CodeIgniter->runController()
10 SYSTEMPATH/CodeIgniter.php(340): CodeIgniter\CodeIgniter->handleRequest()
11 FCPATH/index.php(67): CodeIgniter\CodeIgniter->run()
CRITICAL - 2022-10-25 09:06:08 --> Invalid file: /usuarios/index.php
in SYSTEMPATH/Exceptions/FrameworkException.php on line 33.
 1 SYSTEMPATH/View/View.php(201): CodeIgniter\Exceptions\FrameworkException::forInvalidFile()
 2 SYSTEMPATH/Common.php(1142): CodeIgniter\View\View->render()
 3 APPPATH/Controllers/Producto.php(44): view()
 4 SYSTEMPATH/CodeIgniter.php(902): App\Controllers\Producto->usuarios()
 5 SYSTEMPATH/CodeIgniter.php(457): CodeIgniter\CodeIgniter->runController()
 6 SYSTEMPATH/CodeIgniter.php(340): CodeIgniter\CodeIgniter->handleRequest()
 7 FCPATH/index.php(67): CodeIgniter\CodeIgniter->run()
CRITICAL - 2022-10-25 09:07:16 --> Invalid file: /usuarios/usuarios.php
in SYSTEMPATH/Exceptions/FrameworkException.php on line 33.
 1 SYSTEMPATH/View/View.php(201): CodeIgniter\Exceptions\FrameworkException::forInvalidFile()
 2 SYSTEMPATH/Common.php(1142): CodeIgniter\View\View->render()
 3 APPPATH/Controllers/Producto.php(44): view()
 4 SYSTEMPATH/CodeIgniter.php(902): App\Controllers\Producto->usuarios()
 5 SYSTEMPATH/CodeIgniter.php(457): CodeIgniter\CodeIgniter->runController()
 6 SYSTEMPATH/CodeIgniter.php(340): CodeIgniter\CodeIgniter->handleRequest()
 7 FCPATH/index.php(67): CodeIgniter\CodeIgniter->run()
CRITICAL - 2022-10-25 09:07:26 --> Invalid file: /producto/usuarios.php
in SYSTEMPATH/Exceptions/FrameworkException.php on line 33.
 1 SYSTEMPATH/View/View.php(201): CodeIgniter\Exceptions\FrameworkException::forInvalidFile()
 2 SYSTEMPATH/Common.php(1142): CodeIgniter\View\View->render()
 3 APPPATH/Controllers/Producto.php(44): view()
 4 SYSTEMPATH/CodeIgniter.php(902): App\Controllers\Producto->usuarios()
 5 SYSTEMPATH/CodeIgniter.php(457): CodeIgniter\CodeIgniter->runController()
 6 SYSTEMPATH/CodeIgniter.php(340): CodeIgniter\CodeIgniter->handleRequest()
 7 FCPATH/index.php(67): CodeIgniter\CodeIgniter->run()
